# JRE version: OpenJDK Runtime Environment (17.0.1+12) (build 17.0.1+12-39)
# Java VM: OpenJDK 64-Bit Server VM (17.0.1+12-39, mixed mode, sharing, tiered, compressed oops, compressed class ptrs, g1 gc, windows-amd64)
GC Precious Log:
 CPUs: 4 total, 4 available
 Memory: 3978M
 Large Page Support: Disabled
 NUMA Support: Disabled
 Compressed Oops: Enabled (32-bit)
 Heap Region Size: 1M
 Heap Min Capacity: 8M
 Heap Initial Capacity: 64M
 Heap Max Capacity: 996M
 Pre-touch: Disabled
 Parallel Workers: 4
 Concurrent Workers: 1
 Concurrent Refinement Workers: 4
 Periodic GC: Disabled
Heap:
 garbage-first heap   total 65536K, used 13849K [0x00000000c1c00000, 0x0000000100000000)
  region size 1024K, 6 young (6144K), 3 survivors (3072K)
 Metaspace       used 10139K, committed 10368K, reserved 1064960K
  class space    used 1092K, committed 1216K, reserved 1048576K
GC Heap History (6 events):
Event: 2.666 GC heap before
{Heap before GC invocations=0 (full 0):
 garbage-first heap   total 65536K, used 12288K [0x00000000c1c00000, 0x0000000100000000)
  region size 1024K, 13 young (13312K), 0 survivors (0K)
 Metaspace       used 1109K, committed 1280K, reserved 1056768K
  class space    used 83K, committed 192K, reserved 1048576K
}
Event: 2.679 GC heap after
{Heap after GC invocations=1 (full 0):
 garbage-first heap   total 65536K, used 5523K [0x00000000c1c00000, 0x0000000100000000)
  region size 1024K, 2 young (2048K), 2 survivors (2048K)
 Metaspace       used 1109K, committed 1280K, reserved 1056768K
  class space    used 83K, committed 192K, reserved 1048576K
}
Event: 8.278 GC heap before
{Heap before GC invocations=1 (full 0):
 garbage-first heap   total 65536K, used 18835K [0x00000000c1c00000, 0x0000000100000000)
  region size 1024K, 15 young (15360K), 2 survivors (2048K)
 Metaspace       used 6888K, committed 7104K, reserved 1056768K
  class space    used 741K, committed 832K, reserved 1048576K
}
Event: 8.286 GC heap after
{Heap after GC invocations=2 (full 0):
 garbage-first heap   total 65536K, used 7880K [0x00000000c1c00000, 0x0000000100000000)
  region size 1024K, 2 young (2048K), 2 survivors (2048K)
 Metaspace       used 6888K, committed 7104K, reserved 1056768K
  class space    used 741K, committed 832K, reserved 1048576K
}
Event: 9.134 GC heap before
{Heap before GC invocations=2 (full 0):
 garbage-first heap   total 65536K, used 26312K [0x00000000c1c00000, 0x0000000100000000)
  region size 1024K, 20 young (20480K), 2 survivors (2048K)
 Metaspace       used 9494K, committed 9728K, reserved 1064960K
  class space    used 1005K, committed 1088K, reserved 1048576K
}
Event: 9.148 GC heap after
{Heap after GC invocations=3 (full 0):
 garbage-first heap   total 65536K, used 11801K [0x00000000c1c00000, 0x0000000100000000)
  region size 1024K, 3 young (3072K), 3 survivors (3072K)
 Metaspace       used 9494K, committed 9728K, reserved 1064960K
  class space    used 1005K, committed 1088K, reserved 1048576K
}

